app/build/intermediates/manifest_merge_blame_file/debug/processDebugMainManifest/manifest-merger-blame-debug-report.txt
1<?xml version="1.0" encoding="utf-8"?>
2<manifest xmlns:android="http://schemas.android.com/apk/res/android"
3    package="com.example.bloodbank"
4    android:versionCode="1"
5    android:versionName="1.0" >
6
7    <uses-sdk
8        android:minSdkVersion="24"
9        android:targetSdkVersion="34" />
10
11    <uses-permission android:name="android.permission.INTERNET" />
11-->src\main\AndroidManifest.xml:5:5-67
11-->src\main\AndroidManifest.xml:5:22-64
12    <uses-permission android:name="android.permission.ACCESS_NETWORK_STATE" />
12-->src\main\AndroidManifest.xml:6:5-79
12-->src\main\AndroidManifest.xml:6:22-76
13    <uses-permission android:name="android.permission.ACCESS_FINE_LOCATION" />
13-->src\main\AndroidManifest.xml:7:5-79
13-->src\main\AndroidManifest.xml:7:22-76
14    <uses-permission android:name="android.permission.ACCESS_COARSE_LOCATION" />
14-->src\main\AndroidManifest.xml:8:5-81
14-->src\main\AndroidManifest.xml:8:22-78
15    <uses-permission android:name="android.permission.POST_NOTIFICATIONS" />
15-->src\main\AndroidManifest.xml:9:5-77
15-->src\main\AndroidManifest.xml:9:22-74
16    <uses-permission android:name="android.permission.VIBRATE" />
16-->src\main\AndroidManifest.xml:10:5-66
16-->src\main\AndroidManifest.xml:10:22-63
17    <uses-permission android:name="android.permission.WAKE_LOCK" />
17-->src\main\AndroidManifest.xml:11:5-68
17-->src\main\AndroidManifest.xml:11:22-65
18
19    <!-- Camera and Media permissions -->
20    <uses-permission android:name="android.permission.CAMERA" />
20-->src\main\AndroidManifest.xml:14:5-65
20-->src\main\AndroidManifest.xml:14:22-62
21    <uses-permission android:name="android.permission.RECORD_AUDIO" />
21-->src\main\AndroidManifest.xml:15:5-71
21-->src\main\AndroidManifest.xml:15:22-68
22    <uses-permission
22-->src\main\AndroidManifest.xml:16:5-17:38
23        android:name="android.permission.WRITE_EXTERNAL_STORAGE"
23-->src\main\AndroidManifest.xml:16:22-78
24        android:maxSdkVersion="28" />
24-->src\main\AndroidManifest.xml:17:9-35
25    <uses-permission
25-->src\main\AndroidManifest.xml:18:5-19:38
26        android:name="android.permission.READ_EXTERNAL_STORAGE"
26-->src\main\AndroidManifest.xml:18:22-77
27        android:maxSdkVersion="32" />
27-->src\main\AndroidManifest.xml:19:9-35
28    <uses-permission android:name="android.permission.READ_MEDIA_IMAGES" />
28-->src\main\AndroidManifest.xml:20:5-76
28-->src\main\AndroidManifest.xml:20:22-73
29    <uses-permission android:name="android.permission.READ_MEDIA_VIDEO" />
29-->src\main\AndroidManifest.xml:21:5-75
29-->src\main\AndroidManifest.xml:21:22-72
30    <uses-permission android:name="android.permission.READ_MEDIA_AUDIO" />
30-->src\main\AndroidManifest.xml:22:5-75
30-->src\main\AndroidManifest.xml:22:22-72
31
32    <!-- Call permission -->
33    <uses-permission android:name="android.permission.CALL_PHONE" />
33-->src\main\AndroidManifest.xml:25:5-69
33-->src\main\AndroidManifest.xml:25:22-66
34
35    <!-- Camera features -->
36    <uses-feature
36-->src\main\AndroidManifest.xml:28:5-85
37        android:name="android.hardware.camera"
37-->src\main\AndroidManifest.xml:28:19-57
38        android:required="false" />
38-->src\main\AndroidManifest.xml:28:58-82
39    <uses-feature
39-->src\main\AndroidManifest.xml:29:5-95
40        android:name="android.hardware.camera.autofocus"
40-->src\main\AndroidManifest.xml:29:19-67
41        android:required="false" />
41-->src\main\AndroidManifest.xml:29:68-92
42    <uses-feature
42-->src\main\AndroidManifest.xml:30:5-89
43        android:name="android.hardware.microphone"
43-->src\main\AndroidManifest.xml:30:19-61
44        android:required="false" />
44-->src\main\AndroidManifest.xml:30:62-86
45
46    <queries>
46-->[androidx.camera:camera-extensions:1.3.1] AndroidManifest.xml:22:5-26:15
47        <intent>
47-->[androidx.camera:camera-extensions:1.3.1] AndroidManifest.xml:23:9-25:18
48            <action android:name="androidx.camera.extensions.action.VENDOR_ACTION" />
48-->[androidx.camera:camera-extensions:1.3.1] AndroidManifest.xml:24:13-86
48-->[androidx.camera:camera-extensions:1.3.1] AndroidManifest.xml:24:21-83
49        </intent>
50        <!-- Query Camera Packages -->
51        <intent>
51-->[com.github.dhaval2404:imagepicker:2.1] AndroidManifest.xml:12:9-14:18
52            <action android:name="android.media.action.IMAGE_CAPTURE" />
52-->[com.github.dhaval2404:imagepicker:2.1] AndroidManifest.xml:13:13-73
52-->[com.github.dhaval2404:imagepicker:2.1] AndroidManifest.xml:13:21-70
53        </intent> <!-- Query Open Document -->
54        <intent>
54-->[com.github.dhaval2404:imagepicker:2.1] AndroidManifest.xml:16:9-18:18
55            <action android:name="android.intent.action.OPEN_DOCUMENT_TREE" />
55-->[com.github.dhaval2404:imagepicker:2.1] AndroidManifest.xml:17:13-79
55-->[com.github.dhaval2404:imagepicker:2.1] AndroidManifest.xml:17:21-76
56        </intent> <!-- Needs to be explicitly declared on Android R+ -->
57        <package android:name="com.google.android.apps.maps" />
57-->[com.google.android.gms:play-services-maps:18.2.0] AndroidManifest.xml:33:9-64
57-->[com.google.android.gms:play-services-maps:18.2.0] AndroidManifest.xml:33:18-61
58    </queries>
59
60    <uses-feature
60-->[com.google.android.gms:play-services-maps:18.2.0] AndroidManifest.xml:26:5-28:35
61        android:glEsVersion="0x00020000"
61-->[com.google.android.gms:play-services-maps:18.2.0] AndroidManifest.xml:27:9-41
62        android:required="true" /> <!-- Required by older versions of Google Play services to create IID tokens -->
62-->[com.google.android.gms:play-services-maps:18.2.0] AndroidManifest.xml:28:9-32
63    <uses-permission android:name="com.google.android.c2dm.permission.RECEIVE" />
63-->[com.google.firebase:firebase-messaging:24.0.1] AndroidManifest.xml:26:5-82
63-->[com.google.firebase:firebase-messaging:24.0.1] AndroidManifest.xml:26:22-79
64    <uses-permission android:name="android.permission.RECEIVE_BOOT_COMPLETED" />
64-->[androidx.work:work-runtime:2.9.0] AndroidManifest.xml:25:5-81
64-->[androidx.work:work-runtime:2.9.0] AndroidManifest.xml:25:22-78
65    <uses-permission android:name="android.permission.FOREGROUND_SERVICE" />
65-->[androidx.work:work-runtime:2.9.0] AndroidManifest.xml:26:5-77
65-->[androidx.work:work-runtime:2.9.0] AndroidManifest.xml:26:22-74
66    <uses-permission android:name="com.google.android.providers.gsf.permission.READ_GSERVICES" />
66-->[com.google.android.recaptcha:recaptcha:18.4.0] AndroidManifest.xml:9:5-98
66-->[com.google.android.recaptcha:recaptcha:18.4.0] AndroidManifest.xml:9:22-95
67
68    <permission
68-->[androidx.core:core:1.12.0] AndroidManifest.xml:22:5-24:47
69        android:name="com.example.bloodbank.DYNAMIC_RECEIVER_NOT_EXPORTED_PERMISSION"
69-->[androidx.core:core:1.12.0] AndroidManifest.xml:23:9-81
70        android:protectionLevel="signature" />
70-->[androidx.core:core:1.12.0] AndroidManifest.xml:24:9-44
71
72    <uses-permission android:name="com.example.bloodbank.DYNAMIC_RECEIVER_NOT_EXPORTED_PERMISSION" />
72-->[androidx.core:core:1.12.0] AndroidManifest.xml:26:5-97
72-->[androidx.core:core:1.12.0] AndroidManifest.xml:26:22-94
73
74    <application
74-->src\main\AndroidManifest.xml:32:5-87:19
75        android:allowBackup="true"
75-->src\main\AndroidManifest.xml:33:9-35
76        android:appComponentFactory="androidx.core.app.CoreComponentFactory"
76-->[androidx.core:core:1.12.0] AndroidManifest.xml:28:18-86
77        android:debuggable="true"
78        android:extractNativeLibs="false"
79        android:icon="@mipmap/ic_launcher"
79-->src\main\AndroidManifest.xml:34:9-43
80        android:label="@string/app_name"
80-->src\main\AndroidManifest.xml:35:9-41
81        android:roundIcon="@mipmap/ic_launcher_round"
81-->src\main\AndroidManifest.xml:36:9-54
82        android:supportsRtl="true"
82-->src\main\AndroidManifest.xml:37:9-35
83        android:testOnly="true"
84        android:theme="@style/AppTheme"
84-->src\main\AndroidManifest.xml:38:9-40
85        android:usesCleartextTraffic="true" >
85-->src\main\AndroidManifest.xml:39:9-44
86        <activity
86-->src\main\AndroidManifest.xml:42:9-50:20
87            android:name="com.example.bloodbank.MainActivity"
87-->src\main\AndroidManifest.xml:43:13-41
88            android:exported="true"
88-->src\main\AndroidManifest.xml:44:13-36
89            android:windowSoftInputMode="adjustResize" >
89-->src\main\AndroidManifest.xml:45:13-55
90            <intent-filter>
90-->src\main\AndroidManifest.xml:46:13-49:29
91                <action android:name="android.intent.action.MAIN" />
91-->src\main\AndroidManifest.xml:47:17-69
91-->src\main\AndroidManifest.xml:47:25-66
92
93                <category android:name="android.intent.category.LAUNCHER" />
93-->src\main\AndroidManifest.xml:48:17-77
93-->src\main\AndroidManifest.xml:48:27-74
94            </intent-filter>
95        </activity>
96
97        <meta-data
97-->src\main\AndroidManifest.xml:52:9-54:55
98            android:name="com.google.android.geo.API_KEY"
98-->src\main\AndroidManifest.xml:53:13-58
99            android:value="@string/google_maps_key" />
99-->src\main\AndroidManifest.xml:54:13-52
100
101        <!-- Firebase Cloud Messaging Service -->
102        <service
102-->src\main\AndroidManifest.xml:57:9-63:19
103            android:name="com.example.bloodbank.service.BloodBankMessagingService"
103-->src\main\AndroidManifest.xml:58:13-62
104            android:exported="false" >
104-->src\main\AndroidManifest.xml:59:13-37
105            <intent-filter>
105-->src\main\AndroidManifest.xml:60:13-62:29
106                <action android:name="com.google.firebase.MESSAGING_EVENT" />
106-->src\main\AndroidManifest.xml:61:17-78
106-->src\main\AndroidManifest.xml:61:25-75
107            </intent-filter>
108        </service>
109
110        <!-- Notification metadata -->
111        <meta-data
111-->src\main\AndroidManifest.xml:66:9-68:60
112            android:name="com.google.firebase.messaging.default_notification_icon"
112-->src\main\AndroidManifest.xml:67:13-83
113            android:resource="@drawable/ic_notification" />
113-->src\main\AndroidManifest.xml:68:13-57
114        <meta-data
114-->src\main\AndroidManifest.xml:69:9-71:54
115            android:name="com.google.firebase.messaging.default_notification_color"
115-->src\main\AndroidManifest.xml:70:13-84
116            android:resource="@color/colorPrimary" />
116-->src\main\AndroidManifest.xml:71:13-51
117        <meta-data
117-->src\main\AndroidManifest.xml:72:9-74:53
118            android:name="com.google.firebase.messaging.default_notification_channel_id"
118-->src\main\AndroidManifest.xml:73:13-89
119            android:value="general_notifications" />
119-->src\main\AndroidManifest.xml:74:13-50
120
121        <!-- FileProvider for camera and file operations -->
122        <provider
123            android:name="androidx.core.content.FileProvider"
123-->src\main\AndroidManifest.xml:78:13-62
124            android:authorities="com.example.bloodbank.fileprovider"
124-->src\main\AndroidManifest.xml:79:13-64
125            android:exported="false"
125-->src\main\AndroidManifest.xml:80:13-37
126            android:grantUriPermissions="true" >
126-->src\main\AndroidManifest.xml:81:13-47
127            <meta-data
127-->src\main\AndroidManifest.xml:82:13-84:54
128                android:name="android.support.FILE_PROVIDER_PATHS"
128-->src\main\AndroidManifest.xml:83:17-67
129                android:resource="@xml/file_paths" />
129-->src\main\AndroidManifest.xml:84:17-51
130        </provider>
131
132        <activity
132-->[com.karumi:dexter:6.2.3] AndroidManifest.xml:27:9-29:72
133            android:name="com.karumi.dexter.DexterActivity"
133-->[com.karumi:dexter:6.2.3] AndroidManifest.xml:28:13-60
134            android:theme="@style/Dexter.Internal.Theme.Transparent" />
134-->[com.karumi:dexter:6.2.3] AndroidManifest.xml:29:13-69
135
136        <uses-library
136-->[androidx.camera:camera-extensions:1.3.1] AndroidManifest.xml:29:9-31:40
137            android:name="androidx.camera.extensions.impl"
137-->[androidx.camera:camera-extensions:1.3.1] AndroidManifest.xml:30:13-59
138            android:required="false" />
138-->[androidx.camera:camera-extensions:1.3.1] AndroidManifest.xml:31:13-37
139
140        <service
140-->[androidx.camera:camera-camera2:1.3.1] AndroidManifest.xml:24:9-33:19
141            android:name="androidx.camera.core.impl.MetadataHolderService"
141-->[androidx.camera:camera-camera2:1.3.1] AndroidManifest.xml:25:13-75
142            android:enabled="false"
142-->[androidx.camera:camera-camera2:1.3.1] AndroidManifest.xml:26:13-36
143            android:exported="false" >
143-->[androidx.camera:camera-camera2:1.3.1] AndroidManifest.xml:27:13-37
144            <meta-data
144-->[androidx.camera:camera-camera2:1.3.1] AndroidManifest.xml:30:13-32:89
145                android:name="androidx.camera.core.impl.MetadataHolderService.DEFAULT_CONFIG_PROVIDER"
145-->[androidx.camera:camera-camera2:1.3.1] AndroidManifest.xml:31:17-103
146                android:value="androidx.camera.camera2.Camera2Config$DefaultProvider" />
146-->[androidx.camera:camera-camera2:1.3.1] AndroidManifest.xml:32:17-86
147        </service>
148
149        <activity
149-->[com.github.dhaval2404:imagepicker:2.1] AndroidManifest.xml:22:9-25:68
150            android:name="com.github.dhaval2404.imagepicker.ImagePickerActivity"
150-->[com.github.dhaval2404:imagepicker:2.1] AndroidManifest.xml:23:13-81
151            android:screenOrientation="unspecified"
151-->[com.github.dhaval2404:imagepicker:2.1] AndroidManifest.xml:24:13-52
152            android:theme="@style/Theme.Transparent.ImagePicker" />
152-->[com.github.dhaval2404:imagepicker:2.1] AndroidManifest.xml:25:13-65
153        <activity
153-->[com.github.dhaval2404:imagepicker:2.1] AndroidManifest.xml:26:9-29:72
154            android:name="com.yalantis.ucrop.UCropActivity"
154-->[com.github.dhaval2404:imagepicker:2.1] AndroidManifest.xml:27:13-60
155            android:screenOrientation="portrait"
155-->[com.github.dhaval2404:imagepicker:2.1] AndroidManifest.xml:28:13-49
156            android:theme="@style/Theme.AppCompat.Light.NoActionBar" />
156-->[com.github.dhaval2404:imagepicker:2.1] AndroidManifest.xml:29:13-69
157
158        <provider
158-->[com.github.dhaval2404:imagepicker:2.1] AndroidManifest.xml:31:9-39:20
159            android:name="com.github.dhaval2404.imagepicker.ImagePickerFileProvider"
159-->[com.github.dhaval2404:imagepicker:2.1] AndroidManifest.xml:32:13-85
160            android:authorities="com.example.bloodbank.imagepicker.provider"
160-->[com.github.dhaval2404:imagepicker:2.1] AndroidManifest.xml:33:13-72
161            android:exported="false"
161-->[com.github.dhaval2404:imagepicker:2.1] AndroidManifest.xml:34:13-37
162            android:grantUriPermissions="true" >
162-->[com.github.dhaval2404:imagepicker:2.1] AndroidManifest.xml:35:13-47
163            <meta-data
163-->src\main\AndroidManifest.xml:82:13-84:54
164                android:name="android.support.FILE_PROVIDER_PATHS"
164-->src\main\AndroidManifest.xml:83:17-67
165                android:resource="@xml/image_picker_provider_paths" />
165-->src\main\AndroidManifest.xml:84:17-51
166        </provider>
167        <provider
167-->[androidx.emoji2:emoji2:1.2.0] AndroidManifest.xml:24:9-32:20
168            android:name="androidx.startup.InitializationProvider"
168-->[androidx.emoji2:emoji2:1.2.0] AndroidManifest.xml:25:13-67
169            android:authorities="com.example.bloodbank.androidx-startup"
169-->[androidx.emoji2:emoji2:1.2.0] AndroidManifest.xml:26:13-68
170            android:exported="false" >
170-->[androidx.emoji2:emoji2:1.2.0] AndroidManifest.xml:27:13-37
171            <meta-data
171-->[androidx.emoji2:emoji2:1.2.0] AndroidManifest.xml:29:13-31:52
172                android:name="androidx.emoji2.text.EmojiCompatInitializer"
172-->[androidx.emoji2:emoji2:1.2.0] AndroidManifest.xml:30:17-75
173                android:value="androidx.startup" />
173-->[androidx.emoji2:emoji2:1.2.0] AndroidManifest.xml:31:17-49
174            <meta-data
174-->[androidx.work:work-runtime:2.9.0] AndroidManifest.xml:34:13-36:52
175                android:name="androidx.work.WorkManagerInitializer"
175-->[androidx.work:work-runtime:2.9.0] AndroidManifest.xml:35:17-68
176                android:value="androidx.startup" />
176-->[androidx.work:work-runtime:2.9.0] AndroidManifest.xml:36:17-49
177            <meta-data
177-->[androidx.lifecycle:lifecycle-process:2.7.0] AndroidManifest.xml:29:13-31:52
178                android:name="androidx.lifecycle.ProcessLifecycleInitializer"
178-->[androidx.lifecycle:lifecycle-process:2.7.0] AndroidManifest.xml:30:17-78
179                android:value="androidx.startup" />
179-->[androidx.lifecycle:lifecycle-process:2.7.0] AndroidManifest.xml:31:17-49
180            <meta-data
180-->[androidx.profileinstaller:profileinstaller:1.3.0] AndroidManifest.xml:29:13-31:52
181                android:name="androidx.profileinstaller.ProfileInstallerInitializer"
181-->[androidx.profileinstaller:profileinstaller:1.3.0] AndroidManifest.xml:30:17-85
182                android:value="androidx.startup" />
182-->[androidx.profileinstaller:profileinstaller:1.3.0] AndroidManifest.xml:31:17-49
183        </provider> <!-- Needs to be explicitly declared on P+ -->
184        <uses-library
184-->[com.google.android.gms:play-services-maps:18.2.0] AndroidManifest.xml:39:9-41:40
185            android:name="org.apache.http.legacy"
185-->[com.google.android.gms:play-services-maps:18.2.0] AndroidManifest.xml:40:13-50
186            android:required="false" />
186-->[com.google.android.gms:play-services-maps:18.2.0] AndroidManifest.xml:41:13-37
187
188        <service
188-->[com.google.firebase:firebase-storage-ktx:21.0.0] AndroidManifest.xml:9:9-15:19
189            android:name="com.google.firebase.components.ComponentDiscoveryService"
189-->[com.google.firebase:firebase-storage-ktx:21.0.0] AndroidManifest.xml:10:13-84
190            android:directBootAware="true"
190-->[com.google.firebase:firebase-common:21.0.0] AndroidManifest.xml:32:13-43
191            android:exported="false" >
191-->[com.google.firebase:firebase-storage-ktx:21.0.0] AndroidManifest.xml:11:13-37
192            <meta-data
192-->[com.google.firebase:firebase-storage-ktx:21.0.0] AndroidManifest.xml:12:13-14:85
193                android:name="com.google.firebase.components:com.google.firebase.storage.ktx.FirebaseStorageLegacyRegistrar"
193-->[com.google.firebase:firebase-storage-ktx:21.0.0] AndroidManifest.xml:13:17-125
194                android:value="com.google.firebase.components.ComponentRegistrar" />
194-->[com.google.firebase:firebase-storage-ktx:21.0.0] AndroidManifest.xml:14:17-82
195            <meta-data
195-->[com.google.firebase:firebase-storage:21.0.0] AndroidManifest.xml:30:13-32:85
196                android:name="com.google.firebase.components:com.google.firebase.storage.FirebaseStorageKtxRegistrar"
196-->[com.google.firebase:firebase-storage:21.0.0] AndroidManifest.xml:31:17-118
197                android:value="com.google.firebase.components.ComponentRegistrar" />
197-->[com.google.firebase:firebase-storage:21.0.0] AndroidManifest.xml:32:17-82
198            <meta-data
198-->[com.google.firebase:firebase-storage:21.0.0] AndroidManifest.xml:33:13-35:85
199                android:name="com.google.firebase.components:com.google.firebase.storage.StorageRegistrar"
199-->[com.google.firebase:firebase-storage:21.0.0] AndroidManifest.xml:34:17-107
200                android:value="com.google.firebase.components.ComponentRegistrar" />
200-->[com.google.firebase:firebase-storage:21.0.0] AndroidManifest.xml:35:17-82
201            <meta-data
201-->[com.google.firebase:firebase-firestore-ktx:25.1.0] AndroidManifest.xml:12:13-14:85
202                android:name="com.google.firebase.components:com.google.firebase.firestore.ktx.FirebaseFirestoreLegacyRegistrar"
202-->[com.google.firebase:firebase-firestore-ktx:25.1.0] AndroidManifest.xml:13:17-129
203                android:value="com.google.firebase.components.ComponentRegistrar" />
203-->[com.google.firebase:firebase-firestore-ktx:25.1.0] AndroidManifest.xml:14:17-82
204            <meta-data
204-->[com.google.firebase:firebase-firestore:25.1.0] AndroidManifest.xml:17:13-19:85
205                android:name="com.google.firebase.components:com.google.firebase.firestore.FirebaseFirestoreKtxRegistrar"
205-->[com.google.firebase:firebase-firestore:25.1.0] AndroidManifest.xml:18:17-122
206                android:value="com.google.firebase.components.ComponentRegistrar" />
206-->[com.google.firebase:firebase-firestore:25.1.0] AndroidManifest.xml:19:17-82
207            <meta-data
207-->[com.google.firebase:firebase-firestore:25.1.0] AndroidManifest.xml:20:13-22:85
208                android:name="com.google.firebase.components:com.google.firebase.firestore.FirestoreRegistrar"
208-->[com.google.firebase:firebase-firestore:25.1.0] AndroidManifest.xml:21:17-111
209                android:value="com.google.firebase.components.ComponentRegistrar" />
209-->[com.google.firebase:firebase-firestore:25.1.0] AndroidManifest.xml:22:17-82
210            <meta-data
210-->[com.google.firebase:firebase-messaging-ktx:24.0.1] AndroidManifest.xml:26:13-28:85
211                android:name="com.google.firebase.components:com.google.firebase.messaging.ktx.FirebaseMessagingLegacyRegistrar"
211-->[com.google.firebase:firebase-messaging-ktx:24.0.1] AndroidManifest.xml:27:17-129
212                android:value="com.google.firebase.components.ComponentRegistrar" />
212-->[com.google.firebase:firebase-messaging-ktx:24.0.1] AndroidManifest.xml:28:17-82
213            <meta-data
213-->[com.google.firebase:firebase-messaging:24.0.1] AndroidManifest.xml:57:13-59:85
214                android:name="com.google.firebase.components:com.google.firebase.messaging.FirebaseMessagingKtxRegistrar"
214-->[com.google.firebase:firebase-messaging:24.0.1] AndroidManifest.xml:58:17-122
215                android:value="com.google.firebase.components.ComponentRegistrar" />
215-->[com.google.firebase:firebase-messaging:24.0.1] AndroidManifest.xml:59:17-82
216            <meta-data
216-->[com.google.firebase:firebase-messaging:24.0.1] AndroidManifest.xml:60:13-62:85
217                android:name="com.google.firebase.components:com.google.firebase.messaging.FirebaseMessagingRegistrar"
217-->[com.google.firebase:firebase-messaging:24.0.1] AndroidManifest.xml:61:17-119
218                android:value="com.google.firebase.components.ComponentRegistrar" />
218-->[com.google.firebase:firebase-messaging:24.0.1] AndroidManifest.xml:62:17-82
219            <meta-data
219-->[com.google.firebase:firebase-auth-ktx:23.0.0] AndroidManifest.xml:11:13-13:85
220                android:name="com.google.firebase.components:com.google.firebase.auth.ktx.FirebaseAuthLegacyRegistrar"
220-->[com.google.firebase:firebase-auth-ktx:23.0.0] AndroidManifest.xml:12:17-119
221                android:value="com.google.firebase.components.ComponentRegistrar" />
221-->[com.google.firebase:firebase-auth-ktx:23.0.0] AndroidManifest.xml:13:17-82
222            <meta-data
222-->[com.google.firebase:firebase-auth:23.0.0] AndroidManifest.xml:69:13-71:85
223                android:name="com.google.firebase.components:com.google.firebase.auth.FirebaseAuthRegistrar"
223-->[com.google.firebase:firebase-auth:23.0.0] AndroidManifest.xml:70:17-109
224                android:value="com.google.firebase.components.ComponentRegistrar" />
224-->[com.google.firebase:firebase-auth:23.0.0] AndroidManifest.xml:71:17-82
225            <meta-data
225-->[com.google.firebase:firebase-appcheck:18.0.0] AndroidManifest.xml:25:13-27:85
226                android:name="com.google.firebase.components:com.google.firebase.appcheck.FirebaseAppCheckKtxRegistrar"
226-->[com.google.firebase:firebase-appcheck:18.0.0] AndroidManifest.xml:26:17-120
227                android:value="com.google.firebase.components.ComponentRegistrar" />
227-->[com.google.firebase:firebase-appcheck:18.0.0] AndroidManifest.xml:27:17-82
228            <meta-data
228-->[com.google.firebase:firebase-appcheck:18.0.0] AndroidManifest.xml:28:13-30:85
229                android:name="com.google.firebase.components:com.google.firebase.appcheck.FirebaseAppCheckRegistrar"
229-->[com.google.firebase:firebase-appcheck:18.0.0] AndroidManifest.xml:29:17-117
230                android:value="com.google.firebase.components.ComponentRegistrar" />
230-->[com.google.firebase:firebase-appcheck:18.0.0] AndroidManifest.xml:30:17-82
231            <meta-data
231-->[com.google.firebase:firebase-installations:18.0.0] AndroidManifest.xml:15:13-17:85
232                android:name="com.google.firebase.components:com.google.firebase.installations.FirebaseInstallationsKtxRegistrar"
232-->[com.google.firebase:firebase-installations:18.0.0] AndroidManifest.xml:16:17-130
233                android:value="com.google.firebase.components.ComponentRegistrar" />
233-->[com.google.firebase:firebase-installations:18.0.0] AndroidManifest.xml:17:17-82
234            <meta-data
234-->[com.google.firebase:firebase-installations:18.0.0] AndroidManifest.xml:18:13-20:85
235                android:name="com.google.firebase.components:com.google.firebase.installations.FirebaseInstallationsRegistrar"
235-->[com.google.firebase:firebase-installations:18.0.0] AndroidManifest.xml:19:17-127
236                android:value="com.google.firebase.components.ComponentRegistrar" />
236-->[com.google.firebase:firebase-installations:18.0.0] AndroidManifest.xml:20:17-82
237            <meta-data
237-->[com.google.firebase:firebase-common-ktx:21.0.0] AndroidManifest.xml:12:13-14:85
238                android:name="com.google.firebase.components:com.google.firebase.ktx.FirebaseCommonLegacyRegistrar"
238-->[com.google.firebase:firebase-common-ktx:21.0.0] AndroidManifest.xml:13:17-116
239                android:value="com.google.firebase.components.ComponentRegistrar" />
239-->[com.google.firebase:firebase-common-ktx:21.0.0] AndroidManifest.xml:14:17-82
240            <meta-data
240-->[com.google.firebase:firebase-common:21.0.0] AndroidManifest.xml:35:13-37:85
241                android:name="com.google.firebase.components:com.google.firebase.FirebaseCommonKtxRegistrar"
241-->[com.google.firebase:firebase-common:21.0.0] AndroidManifest.xml:36:17-109
242                android:value="com.google.firebase.components.ComponentRegistrar" />
242-->[com.google.firebase:firebase-common:21.0.0] AndroidManifest.xml:37:17-82
243            <meta-data
243-->[com.google.firebase:firebase-datatransport:18.2.0] AndroidManifest.xml:25:13-27:85
244                android:name="com.google.firebase.components:com.google.firebase.datatransport.TransportRegistrar"
244-->[com.google.firebase:firebase-datatransport:18.2.0] AndroidManifest.xml:26:17-115
245                android:value="com.google.firebase.components.ComponentRegistrar" />
245-->[com.google.firebase:firebase-datatransport:18.2.0] AndroidManifest.xml:27:17-82
246        </service>
247
248        <receiver
248-->[com.google.firebase:firebase-messaging:24.0.1] AndroidManifest.xml:29:9-40:20
249            android:name="com.google.firebase.iid.FirebaseInstanceIdReceiver"
249-->[com.google.firebase:firebase-messaging:24.0.1] AndroidManifest.xml:30:13-78
250            android:exported="true"
250-->[com.google.firebase:firebase-messaging:24.0.1] AndroidManifest.xml:31:13-36
251            android:permission="com.google.android.c2dm.permission.SEND" >
251-->[com.google.firebase:firebase-messaging:24.0.1] AndroidManifest.xml:32:13-73
252            <intent-filter>
252-->[com.google.firebase:firebase-messaging:24.0.1] AndroidManifest.xml:33:13-35:29
253                <action android:name="com.google.android.c2dm.intent.RECEIVE" />
253-->[com.google.firebase:firebase-messaging:24.0.1] AndroidManifest.xml:34:17-81
253-->[com.google.firebase:firebase-messaging:24.0.1] AndroidManifest.xml:34:25-78
254            </intent-filter>
255
256            <meta-data
256-->[com.google.firebase:firebase-messaging:24.0.1] AndroidManifest.xml:37:13-39:40
257                android:name="com.google.android.gms.cloudmessaging.FINISHED_AFTER_HANDLED"
257-->[com.google.firebase:firebase-messaging:24.0.1] AndroidManifest.xml:38:17-92
258                android:value="true" />
258-->[com.google.firebase:firebase-messaging:24.0.1] AndroidManifest.xml:39:17-37
259        </receiver>
260        <!--
261             FirebaseMessagingService performs security checks at runtime,
262             but set to not exported to explicitly avoid allowing another app to call it.
263        -->
264        <service
264-->[com.google.firebase:firebase-messaging:24.0.1] AndroidManifest.xml:46:9-53:19
265            android:name="com.google.firebase.messaging.FirebaseMessagingService"
265-->[com.google.firebase:firebase-messaging:24.0.1] AndroidManifest.xml:47:13-82
266            android:directBootAware="true"
266-->[com.google.firebase:firebase-messaging:24.0.1] AndroidManifest.xml:48:13-43
267            android:exported="false" >
267-->[com.google.firebase:firebase-messaging:24.0.1] AndroidManifest.xml:49:13-37
268            <intent-filter android:priority="-500" >
268-->src\main\AndroidManifest.xml:60:13-62:29
269                <action android:name="com.google.firebase.MESSAGING_EVENT" />
269-->src\main\AndroidManifest.xml:61:17-78
269-->src\main\AndroidManifest.xml:61:25-75
270            </intent-filter>
271        </service>
272
273        <activity
273-->[com.google.firebase:firebase-auth:23.0.0] AndroidManifest.xml:29:9-46:20
274            android:name="com.google.firebase.auth.internal.GenericIdpActivity"
274-->[com.google.firebase:firebase-auth:23.0.0] AndroidManifest.xml:30:13-80
275            android:excludeFromRecents="true"